<?xml version="1.0" encoding="UTF-8"?>
<!-- Generated by org.testng.reporters.JUnitReportReporter -->
<testsuite skipped="0" hostname="robro-Lenovo-IdeaPad-S145-15IWL" name="samplePackage.WebdriverDemo" tests="3" failures="0" timestamp="2020-08-18T01:06:44 IST" time="49.800" errors="0">
  <testcase name="myTest" time="17.310" classname="samplePackage.WebdriverDemo"/>
  <system-out/>
  <testcase name="myTest" time="16.860" classname="samplePackage.WebdriverDemo"/>
  <system-out/>
  <testcase name="myTest" time="15.630" classname="samplePackage.WebdriverDemo"/>
  <system-out/>
</testsuite> <!-- samplePackage.WebdriverDemo -->
